<?xml version="1.0" encoding="UTF-8"?>
<!-- Generated by org.testng.reporters.JUnitReportReporter -->
<testsuite hostname="DESKTOP-5KTOU1E" failures="0" tests="1" name="Begining.Scroll_OnMobileWebPage" time="10.135" errors="0" timestamp="2024-05-28T18:03:53 IST" skipped="0">
  <testcase classname="Begining.Scroll_OnMobileWebPage" name="scroll" time="10.135"/>
  <system-out/>
</testsuite> <!-- Begining.Scroll_OnMobileWebPage -->
