<?xml version="1.0" encoding="UTF-8"?>
<!-- Generated by org.testng.reporters.JUnitReportReporter -->
<testsuite hostname="DESKTOP-5KTOU1E" failures="0" tests="1" name="Begining.Scroll_OnMobileWebPage" time="28.661" errors="0" timestamp="2024-05-30T15:53:33 IST" skipped="0">
  <testcase classname="Begining.Scroll_OnMobileWebPage" name="scroll" time="28.661"/>
  <system-out/>
</testsuite> <!-- Begining.Scroll_OnMobileWebPage -->
